<?xml version="1.0" encoding="UTF-8"?>
<testng-results ignored="0" total="9" passed="8" failed="1" skipped="0">
  <reporter-output>
  </reporter-output>
  <suite started-at="2025-02-25T10:55:59Z" name="Default suite" finished-at="2025-02-25T10:56:28Z" duration-ms="29231">
    <groups>
    </groups>
    <test started-at="2025-02-25T10:55:59Z" name="Default test" finished-at="2025-02-25T10:56:28Z" duration-ms="29231">
      <class name="tests.LoginTest">
        <test-method is-config="true" signature="preConditions()[pri:0, instance:tests.LoginTest@6e2aa843]" started-at="2025-02-25T10:55:59Z" name="preConditions" finished-at="2025-02-25T10:56:02Z" duration-ms="3216" status="PASS">
          <reporter-output>
          </reporter-output>
        </test-method> <!-- preConditions -->
        <test-method signature="loginCredentials()[pri:1, instance:tests.LoginTest@6e2aa843]" started-at="2025-02-25T10:56:02Z" name="loginCredentials" finished-at="2025-02-25T10:56:07Z" duration-ms="4977" status="PASS">
          <reporter-output>
          </reporter-output>
        </test-method> <!-- loginCredentials -->
        <test-method signature="settingsSelect()[pri:2, instance:tests.LoginTest@6e2aa843]" started-at="2025-02-25T10:56:07Z" name="settingsSelect" finished-at="2025-02-25T10:56:11Z" duration-ms="4174" status="PASS">
          <reporter-output>
          </reporter-output>
        </test-method> <!-- settingsSelect -->
        <test-method signature="addShippingLine()[pri:3, instance:tests.LoginTest@6e2aa843]" started-at="2025-02-25T10:56:11Z" name="addShippingLine" finished-at="2025-02-25T10:56:12Z" duration-ms="421" status="PASS">
          <reporter-output>
          </reporter-output>
        </test-method> <!-- addShippingLine -->
        <test-method signature="createShippingLine()[pri:4, instance:tests.LoginTest@6e2aa843]" started-at="2025-02-25T10:56:12Z" name="createShippingLine" finished-at="2025-02-25T10:56:13Z" duration-ms="1162" status="PASS">
          <reporter-output>
          </reporter-output>
        </test-method> <!-- createShippingLine -->
        <test-method signature="searchShippingLineId()[pri:5, instance:tests.LoginTest@6e2aa843]" started-at="2025-02-25T10:56:13Z" name="searchShippingLineId" finished-at="2025-02-25T10:56:15Z" duration-ms="2070" status="PASS">
          <reporter-output>
          </reporter-output>
        </test-method> <!-- searchShippingLineId -->
        <test-method signature="editShippingLineId()[pri:6, instance:tests.LoginTest@6e2aa843]" started-at="2025-02-25T10:56:15Z" name="editShippingLineId" finished-at="2025-02-25T10:56:21Z" duration-ms="6284" status="PASS">
          <reporter-output>
          </reporter-output>
        </test-method> <!-- editShippingLineId -->
        <test-method signature="deleteShippingLineId()[pri:7, instance:tests.LoginTest@6e2aa843]" started-at="2025-02-25T10:56:21Z" name="deleteShippingLineId" finished-at="2025-02-25T10:56:26Z" duration-ms="5210" status="PASS">
          <reporter-output>
          </reporter-output>
        </test-method> <!-- deleteShippingLineId -->
        <test-method signature="deleteShippingLineYES()[pri:8, instance:tests.LoginTest@6e2aa843]" started-at="2025-02-25T10:56:26Z" name="deleteShippingLineYES" finished-at="2025-02-25T10:56:28Z" duration-ms="1138" status="PASS">
          <reporter-output>
          </reporter-output>
        </test-method> <!-- deleteShippingLineYES -->
        <test-method signature="deleteShippingLineNO()[pri:9, instance:tests.LoginTest@6e2aa843]" started-at="2025-02-25T10:56:28Z" name="deleteShippingLineNO" finished-at="2025-02-25T10:56:28Z" duration-ms="182" status="FAIL">
          <exception class="org.openqa.selenium.StaleElementReferenceException">
            <message>
              <![CDATA[stale element reference: stale element not found in the current frame
  (Session info: chrome=133.0.6943.127)
For documentation on this error, please visit: https://www.seleniumhq.org/exceptions/stale_element_reference.html
Build info: version: '3.141.59', revision: 'e82be7d358', time: '2018-11-14T08:17:03'
System info: host: 'DESKTOP-SGN53E7', ip: '192.168.29.115', os.name: 'Windows 11', os.arch: 'amd64', os.version: '10.0', java.version: '23.0.2'
Driver info: org.openqa.selenium.chrome.ChromeDriver
Capabilities {acceptInsecureCerts: false, browserName: chrome, browserVersion: 133.0.6943.127, chrome: {chromedriverVersion: 133.0.6943.126 (cffa127ce7b..., userDataDir: C:\Users\I5-11T~1\AppData\L...}, fedcm:accounts: true, goog:chromeOptions: {debuggerAddress: localhost:58770}, javascriptEnabled: true, networkConnectionEnabled: false, pageLoadStrategy: normal, platform: WINDOWS, platformName: WINDOWS, proxy: Proxy(), setWindowRect: true, strictFileInteractability: false, timeouts: {implicit: 0, pageLoad: 300000, script: 30000}, unhandledPromptBehavior: dismiss and notify, webauthn:extension:credBlob: true, webauthn:extension:largeBlob: true, webauthn:extension:minPinLength: true, webauthn:extension:prf: true, webauthn:virtualAuthenticators: true}
Session ID: d9bc85a5d1db9260a06bf46176ccceb2]]>
            </message>
            <full-stacktrace>
              <![CDATA[org.openqa.selenium.StaleElementReferenceException: stale element reference: stale element not found in the current frame
  (Session info: chrome=133.0.6943.127)
For documentation on this error, please visit: https://www.seleniumhq.org/exceptions/stale_element_reference.html
Build info: version: '3.141.59', revision: 'e82be7d358', time: '2018-11-14T08:17:03'
System info: host: 'DESKTOP-SGN53E7', ip: '192.168.29.115', os.name: 'Windows 11', os.arch: 'amd64', os.version: '10.0', java.version: '23.0.2'
Driver info: org.openqa.selenium.chrome.ChromeDriver
Capabilities {acceptInsecureCerts: false, browserName: chrome, browserVersion: 133.0.6943.127, chrome: {chromedriverVersion: 133.0.6943.126 (cffa127ce7b..., userDataDir: C:\Users\I5-11T~1\AppData\L...}, fedcm:accounts: true, goog:chromeOptions: {debuggerAddress: localhost:58770}, javascriptEnabled: true, networkConnectionEnabled: false, pageLoadStrategy: normal, platform: WINDOWS, platformName: WINDOWS, proxy: Proxy(), setWindowRect: true, strictFileInteractability: false, timeouts: {implicit: 0, pageLoad: 300000, script: 30000}, unhandledPromptBehavior: dismiss and notify, webauthn:extension:credBlob: true, webauthn:extension:largeBlob: true, webauthn:extension:minPinLength: true, webauthn:extension:prf: true, webauthn:virtualAuthenticators: true}
Session ID: d9bc85a5d1db9260a06bf46176ccceb2
at java.base/jdk.internal.reflect.DirectConstructorHandleAccessor.newInstance(DirectConstructorHandleAccessor.java:62)
at java.base/java.lang.reflect.Constructor.newInstanceWithCaller(Constructor.java:501)
at java.base/java.lang.reflect.Constructor.newInstance(Constructor.java:485)
at org.openqa.selenium.remote.http.W3CHttpResponseCodec.createException(W3CHttpResponseCodec.java:187)
at org.openqa.selenium.remote.http.W3CHttpResponseCodec.decode(W3CHttpResponseCodec.java:122)
at org.openqa.selenium.remote.http.W3CHttpResponseCodec.decode(W3CHttpResponseCodec.java:49)
at org.openqa.selenium.remote.HttpCommandExecutor.execute(HttpCommandExecutor.java:158)
at org.openqa.selenium.remote.service.DriverCommandExecutor.execute(DriverCommandExecutor.java:83)
at org.openqa.selenium.remote.RemoteWebDriver.execute(RemoteWebDriver.java:552)
at org.openqa.selenium.remote.RemoteWebElement.execute(RemoteWebElement.java:285)
at org.openqa.selenium.remote.RemoteWebElement.click(RemoteWebElement.java:84)
at tests.LoginTest.deleteShippingLineNO(LoginTest.java:181)
at java.base/jdk.internal.reflect.DirectMethodHandleAccessor.invoke(DirectMethodHandleAccessor.java:103)
at java.base/java.lang.reflect.Method.invoke(Method.java:580)
at org.testng.internal.MethodInvocationHelper.invokeMethod(MethodInvocationHelper.java:124)
at org.testng.internal.Invoker.invokeMethod(Invoker.java:580)
at org.testng.internal.Invoker.invokeTestMethod(Invoker.java:716)
at org.testng.internal.Invoker.invokeTestMethods(Invoker.java:988)
at org.testng.internal.TestMethodWorker.invokeTestMethods(TestMethodWorker.java:125)
at org.testng.internal.TestMethodWorker.run(TestMethodWorker.java:109)
at org.testng.TestRunner.privateRun(TestRunner.java:648)
at org.testng.TestRunner.run(TestRunner.java:505)
at org.testng.SuiteRunner.runTest(SuiteRunner.java:455)
at org.testng.SuiteRunner.runSequentially(SuiteRunner.java:450)
at org.testng.SuiteRunner.privateRun(SuiteRunner.java:415)
at org.testng.SuiteRunner.run(SuiteRunner.java:364)
at org.testng.SuiteRunnerWorker.runSuite(SuiteRunnerWorker.java:52)
at org.testng.SuiteRunnerWorker.run(SuiteRunnerWorker.java:84)
at org.testng.TestNG.runSuitesSequentially(TestNG.java:1208)
at org.testng.TestNG.runSuitesLocally(TestNG.java:1137)
at org.testng.TestNG.runSuites(TestNG.java:1049)
at org.testng.TestNG.run(TestNG.java:1017)
at org.testng.remote.AbstractRemoteTestNG.run(AbstractRemoteTestNG.java:115)
at org.testng.remote.RemoteTestNG.initAndRun(RemoteTestNG.java:293)
at org.testng.remote.RemoteTestNG.main(RemoteTestNG.java:91)
]]>
            </full-stacktrace>
          </exception> <!-- org.openqa.selenium.StaleElementReferenceException -->
          <reporter-output>
          </reporter-output>
        </test-method> <!-- deleteShippingLineNO -->
        <test-method is-config="true" signature="tearDown()[pri:0, instance:tests.LoginTest@6e2aa843]" started-at="2025-02-25T10:56:28Z" name="tearDown" finished-at="2025-02-25T10:56:28Z" duration-ms="381" status="PASS">
          <reporter-output>
          </reporter-output>
        </test-method> <!-- tearDown -->
      </class> <!-- tests.LoginTest -->
    </test> <!-- Default test -->
  </suite> <!-- Default suite -->
</testng-results>
